# JRE version: OpenJDK Runtime Environment (9.0) (build 9-internal+0-2016-04-14-195246.buildd.src)
# Java VM: OpenJDK 64-Bit Server VM (9-internal+0-2016-04-14-195246.buildd.src, mixed mode, tiered, compressed oops, g1 gc, linux-amd64)
Heap:
 garbage-first heap   total 25600K, used 20471K [0x0000000084c00000, 0x0000000084d000c8, 0x0000000100000000)
  region size 1024K, 9 young (9216K), 1 survivors (1024K)
 Metaspace       used 17536K, capacity 18142K, committed 18432K, reserved 1064960K
  class space    used 1840K, capacity 1974K, committed 2048K, reserved 1048576K
GC Heap History (10 events):
Event: 1.300 GC heap before
{Heap before GC invocations=16 (full 14):
 garbage-first heap   total 24576K, used 12982K [0x0000000084c00000, 0x0000000084d000c0, 0x0000000100000000)
  region size 1024K, 6 young (6144K), 1 survivors (1024K)
 Metaspace       used 14103K, capacity 14642K, committed 14720K, reserved 1062912K
  class space    used 1496K, capacity 1618K, committed 1664K, reserved 1048576K
}
Event: 1.303 GC heap after
{Heap after GC invocations=17 (full 14):
 garbage-first heap   total 24576K, used 7540K [0x0000000084c00000, 0x0000000084d000c0, 0x0000000100000000)
  region size 1024K, 1 young (1024K), 1 survivors (1024K)
 Metaspace       used 14103K, capacity 14642K, committed 14720K, reserved 1062912K
  class space    used 1496K, capacity 1618K, committed 1664K, reserved 1048576K
}
Event: 1.327 GC heap before
{Heap before GC invocations=17 (full 14):
 garbage-first heap   total 24576K, used 13684K [0x0000000084c00000, 0x0000000084d000c0, 0x0000000100000000)
  region size 1024K, 7 young (7168K), 1 survivors (1024K)
 Metaspace       used 14172K, capacity 14724K, committed 14976K, reserved 1062912K
  class space    used 1502K, capacity 1627K, committed 1664K, reserved 1048576K
}
Event: 1.329 GC heap after
{Heap after GC invocations=18 (full 14):
 garbage-first heap   total 24576K, used 7538K [0x0000000084c00000, 0x0000000084d000c0, 0x0000000100000000)
  region size 1024K, 1 young (1024K), 1 survivors (1024K)
 Metaspace       used 14172K, capacity 14724K, committed 14976K, reserved 1062912K
  class space    used 1502K, capacity 1627K, committed 1664K, reserved 1048576K
}
Event: 1.344 GC heap before
{Heap before GC invocations=18 (full 14):
 garbage-first heap   total 24576K, used 14706K [0x0000000084c00000, 0x0000000084d000c0, 0x0000000100000000)
  region size 1024K, 8 young (8192K), 1 survivors (1024K)
 Metaspace       used 14192K, capacity 14788K, committed 14976K, reserved 1062912K
  class space    used 1502K, capacity 1627K, committed 1664K, reserved 1048576K
}
Event: 1.346 GC heap after
{Heap after GC invocations=19 (full 14):
 garbage-first heap   total 75776K, used 7535K [0x0000000084c00000, 0x0000000084d00250, 0x0000000100000000)
  region size 1024K, 1 young (1024K), 1 survivors (1024K)
 Metaspace       used 14192K, capacity 14788K, committed 14976K, reserved 1062912K
  class space    used 1502K, capacity 1627K, committed 1664K, reserved 1048576K
}
Event: 1.456 GC heap before
{Heap before GC invocations=19 (full 14):
 garbage-first heap   total 75776K, used 44399K [0x0000000084c00000, 0x0000000084d00250, 0x0000000100000000)
  region size 1024K, 38 young (38912K), 1 survivors (1024K)
 Metaspace       used 14279K, capacity 14852K, committed 14976K, reserved 1062912K
  class space    used 1502K, capacity 1627K, committed 1664K, reserved 1048576K
}
Event: 1.485 GC heap after
{Heap after GC invocations=20 (full 15):
 garbage-first heap   total 25600K, used 7564K [0x0000000084c00000, 0x0000000084d000c8, 0x0000000100000000)
  region size 1024K, 0 young (0K), 0 survivors (0K)
 Metaspace       used 14279K, capacity 14852K, committed 14976K, reserved 1062912K
  class space    used 1502K, capacity 1627K, committed 1664K, reserved 1048576K
}
Event: 1.547 GC heap before
{Heap before GC invocations=20 (full 15):
 garbage-first heap   total 25600K, used 9612K [0x0000000084c00000, 0x0000000084d000c8, 0x0000000100000000)
  region size 1024K, 3 young (3072K), 0 survivors (0K)
 Metaspace       used 15358K, capacity 15966K, committed 16128K, reserved 1062912K
  class space    used 1608K, capacity 1708K, committed 1792K, reserved 1048576K
}
Event: 1.549 GC heap after
{Heap after GC invocations=21 (full 15):
 garbage-first heap   total 25600K, used 8183K [0x0000000084c00000, 0x0000000084d000c8, 0x0000000100000000)
  region size 1024K, 1 young (1024K), 1 survivors (1024K)
 Metaspace       used 15358K, capacity 15966K, committed 16128K, reserved 1062912K
  class space    used 1608K, capacity 1708K, committed 1792K, reserved 1048576K
}

