# JRE version: OpenJDK Runtime Environment (9.0) (build 9-internal+0-2016-04-14-195246.buildd.src)
# Java VM: OpenJDK 64-Bit Server VM (9-internal+0-2016-04-14-195246.buildd.src, mixed mode, tiered, compressed oops, g1 gc, linux-amd64)
Heap:
 garbage-first heap   total 25600K, used 14340K [0x0000000084c00000, 0x0000000084d000c8, 0x0000000100000000)
  region size 1024K, 4 young (4096K), 2 survivors (2048K)
 Metaspace       used 17968K, capacity 18600K, committed 18688K, reserved 1067008K
  class space    used 1895K, capacity 2041K, committed 2048K, reserved 1048576K
GC Heap History (10 events):
Event: 3.546 GC heap before
{Heap before GC invocations=17 (full 14):
 garbage-first heap   total 24576K, used 13741K [0x0000000084c00000, 0x0000000084d000c0, 0x0000000100000000)
  region size 1024K, 7 young (7168K), 1 survivors (1024K)
 Metaspace       used 14196K, capacity 14716K, committed 14976K, reserved 1062912K
  class space    used 1504K, capacity 1627K, committed 1664K, reserved 1048576K
}
Event: 3.550 GC heap after
{Heap after GC invocations=18 (full 14):
 garbage-first heap   total 24576K, used 7496K [0x0000000084c00000, 0x0000000084d000c0, 0x0000000100000000)
  region size 1024K, 1 young (1024K), 1 survivors (1024K)
 Metaspace       used 14196K, capacity 14716K, committed 14976K, reserved 1062912K
  class space    used 1504K, capacity 1627K, committed 1664K, reserved 1048576K
}
Event: 3.590 GC heap before
{Heap before GC invocations=18 (full 14):
 garbage-first heap   total 24576K, used 14664K [0x0000000084c00000, 0x0000000084d000c0, 0x0000000100000000)
  region size 1024K, 8 young (8192K), 1 survivors (1024K)
 Metaspace       used 14249K, capacity 14780K, committed 14976K, reserved 1062912K
  class space    used 1504K, capacity 1627K, committed 1664K, reserved 1048576K
}
Event: 3.593 GC heap after
{Heap after GC invocations=19 (full 14):
 garbage-first heap   total 24576K, used 7578K [0x0000000084c00000, 0x0000000084d000c0, 0x0000000100000000)
  region size 1024K, 1 young (1024K), 1 survivors (1024K)
 Metaspace       used 14249K, capacity 14780K, committed 14976K, reserved 1062912K
  class space    used 1504K, capacity 1627K, committed 1664K, reserved 1048576K
}
Event: 3.615 GC heap before
{Heap before GC invocations=19 (full 14):
 garbage-first heap   total 24576K, used 15770K [0x0000000084c00000, 0x0000000084d000c0, 0x0000000100000000)
  region size 1024K, 9 young (9216K), 1 survivors (1024K)
 Metaspace       used 14286K, capacity 14844K, committed 14976K, reserved 1062912K
  class space    used 1504K, capacity 1627K, committed 1664K, reserved 1048576K
}
Event: 3.619 GC heap after
{Heap after GC invocations=20 (full 14):
 garbage-first heap   total 75776K, used 7567K [0x0000000084c00000, 0x0000000084d00250, 0x0000000100000000)
  region size 1024K, 1 young (1024K), 1 survivors (1024K)
 Metaspace       used 14286K, capacity 14844K, committed 14976K, reserved 1062912K
  class space    used 1504K, capacity 1627K, committed 1664K, reserved 1048576K
}
Event: 3.659 GC heap before
{Heap before GC invocations=20 (full 14):
 garbage-first heap   total 75776K, used 30095K [0x0000000084c00000, 0x0000000084d00250, 0x0000000100000000)
  region size 1024K, 24 young (24576K), 1 survivors (1024K)
 Metaspace       used 14328K, capacity 14844K, committed 14976K, reserved 1062912K
  class space    used 1504K, capacity 1627K, committed 1664K, reserved 1048576K
}
Event: 3.683 GC heap after
{Heap after GC invocations=21 (full 15):
 garbage-first heap   total 25600K, used 7544K [0x0000000084c00000, 0x0000000084d000c8, 0x0000000100000000)
  region size 1024K, 0 young (0K), 0 survivors (0K)
 Metaspace       used 14328K, capacity 14844K, committed 14976K, reserved 1062912K
  class space    used 1504K, capacity 1627K, committed 1664K, reserved 1048576K
}
Event: 9.553 GC heap before
{Heap before GC invocations=21 (full 15):
 garbage-first heap   total 25600K, used 21880K [0x0000000084c00000, 0x0000000084d000c8, 0x0000000100000000)
  region size 1024K, 10 young (10240K), 0 survivors (0K)
 Metaspace       used 17902K, capacity 18504K, committed 18688K, reserved 1067008K
  class space    used 1889K, capacity 2009K, committed 2048K, reserved 1048576K
}
Event: 9.555 GC heap after
{Heap after GC invocations=22 (full 15):
 garbage-first heap   total 25600K, used 13316K [0x0000000084c00000, 0x0000000084d000c8, 0x0000000100000000)
  region size 1024K, 2 young (2048K), 2 survivors (2048K)
 Metaspace       used 17902K, capacity 18504K, committed 18688K, reserved 1067008K
  class space    used 1889K, capacity 2009K, committed 2048K, reserved 1048576K
}

