# JRE version: OpenJDK Runtime Environment (9.0) (build 9-internal+0-2016-04-14-195246.buildd.src)
# Java VM: OpenJDK 64-Bit Server VM (9-internal+0-2016-04-14-195246.buildd.src, mixed mode, tiered, compressed oops, g1 gc, linux-amd64)
Heap:
 garbage-first heap   total 25600K, used 13114K [0x0000000084c00000, 0x0000000084d000c8, 0x0000000100000000)
  region size 1024K, 3 young (3072K), 2 survivors (2048K)
 Metaspace       used 17523K, capacity 18146K, committed 18432K, reserved 1064960K
  class space    used 1839K, capacity 1974K, committed 2048K, reserved 1048576K
GC Heap History (10 events):
Event: 3.447 GC heap before
{Heap before GC invocations=17 (full 14):
 garbage-first heap   total 24576K, used 13703K [0x0000000084c00000, 0x0000000084d000c0, 0x0000000100000000)
  region size 1024K, 7 young (7168K), 1 survivors (1024K)
 Metaspace       used 14173K, capacity 14648K, committed 14720K, reserved 1062912K
  class space    used 1502K, capacity 1627K, committed 1664K, reserved 1048576K
}
Event: 3.449 GC heap after
{Heap after GC invocations=18 (full 14):
 garbage-first heap   total 24576K, used 7522K [0x0000000084c00000, 0x0000000084d000c0, 0x0000000100000000)
  region size 1024K, 1 young (1024K), 1 survivors (1024K)
 Metaspace       used 14173K, capacity 14648K, committed 14720K, reserved 1062912K
  class space    used 1502K, capacity 1627K, committed 1664K, reserved 1048576K
}
Event: 3.462 GC heap before
{Heap before GC invocations=18 (full 14):
 garbage-first heap   total 24576K, used 14690K [0x0000000084c00000, 0x0000000084d000c0, 0x0000000100000000)
  region size 1024K, 8 young (8192K), 1 survivors (1024K)
 Metaspace       used 14218K, capacity 14776K, committed 14976K, reserved 1062912K
  class space    used 1502K, capacity 1627K, committed 1664K, reserved 1048576K
}
Event: 3.464 GC heap after
{Heap after GC invocations=19 (full 14):
 garbage-first heap   total 24576K, used 7532K [0x0000000084c00000, 0x0000000084d000c0, 0x0000000100000000)
  region size 1024K, 1 young (1024K), 1 survivors (1024K)
 Metaspace       used 14218K, capacity 14776K, committed 14976K, reserved 1062912K
  class space    used 1502K, capacity 1627K, committed 1664K, reserved 1048576K
}
Event: 3.481 GC heap before
{Heap before GC invocations=19 (full 14):
 garbage-first heap   total 24576K, used 15724K [0x0000000084c00000, 0x0000000084d000c0, 0x0000000100000000)
  region size 1024K, 9 young (9216K), 1 survivors (1024K)
 Metaspace       used 14259K, capacity 14840K, committed 14976K, reserved 1062912K
  class space    used 1502K, capacity 1627K, committed 1664K, reserved 1048576K
}
Event: 3.483 GC heap after
{Heap after GC invocations=20 (full 14):
 garbage-first heap   total 75776K, used 7562K [0x0000000084c00000, 0x0000000084d00250, 0x0000000100000000)
  region size 1024K, 1 young (1024K), 1 survivors (1024K)
 Metaspace       used 14259K, capacity 14840K, committed 14976K, reserved 1062912K
  class space    used 1502K, capacity 1627K, committed 1664K, reserved 1048576K
}
Event: 3.532 GC heap before
{Heap before GC invocations=20 (full 14):
 garbage-first heap   total 75776K, used 36234K [0x0000000084c00000, 0x0000000084d00250, 0x0000000100000000)
  region size 1024K, 30 young (30720K), 1 survivors (1024K)
 Metaspace       used 14311K, capacity 14840K, committed 14976K, reserved 1062912K
  class space    used 1502K, capacity 1627K, committed 1664K, reserved 1048576K
}
Event: 3.555 GC heap after
{Heap after GC invocations=21 (full 15):
 garbage-first heap   total 25600K, used 7566K [0x0000000084c00000, 0x0000000084d000c8, 0x0000000100000000)
  region size 1024K, 0 young (0K), 0 survivors (0K)
 Metaspace       used 14311K, capacity 14840K, committed 14976K, reserved 1062912K
  class space    used 1502K, capacity 1627K, committed 1664K, reserved 1048576K
}
Event: 4.296 GC heap before
{Heap before GC invocations=21 (full 15):
 garbage-first heap   total 25600K, used 21902K [0x0000000084c00000, 0x0000000084d000c8, 0x0000000100000000)
  region size 1024K, 10 young (10240K), 0 survivors (0K)
 Metaspace       used 17462K, capacity 18082K, committed 18176K, reserved 1064960K
  class space    used 1834K, capacity 1974K, committed 2048K, reserved 1048576K
}
Event: 4.299 GC heap after
{Heap after GC invocations=22 (full 15):
 garbage-first heap   total 25600K, used 13114K [0x0000000084c00000, 0x0000000084d000c8, 0x0000000100000000)
  region size 1024K, 2 young (2048K), 2 survivors (2048K)
 Metaspace       used 17462K, capacity 18082K, committed 18176K, reserved 1064960K
  class space    used 1834K, capacity 1974K, committed 2048K, reserved 1048576K
}

