# JRE version: OpenJDK Runtime Environment (9.0) (build 9-internal+0-2016-04-14-195246.buildd.src)
# Java VM: OpenJDK 64-Bit Server VM (9-internal+0-2016-04-14-195246.buildd.src, mixed mode, tiered, compressed oops, g1 gc, linux-amd64)
Heap:
 garbage-first heap   total 25600K, used 21833K [0x0000000084c00000, 0x0000000084d000c8, 0x0000000100000000)
  region size 1024K, 11 young (11264K), 0 survivors (0K)
 Metaspace       used 17315K, capacity 17956K, committed 18176K, reserved 1064960K
  class space    used 1838K, capacity 1973K, committed 2048K, reserved 1048576K
GC Heap History (10 events):
Event: 0.840 GC heap before
{Heap before GC invocations=10 (full 9):
 garbage-first heap   total 24576K, used 12403K [0x0000000084c00000, 0x0000000084d000c0, 0x0000000100000000)
  region size 1024K, 5 young (5120K), 0 survivors (0K)
 Metaspace       used 13745K, capacity 14284K, committed 14464K, reserved 1062912K
  class space    used 1479K, capacity 1585K, committed 1664K, reserved 1048576K
}
Event: 0.845 GC heap after
{Heap after GC invocations=11 (full 9):
 garbage-first heap   total 24576K, used 7869K [0x0000000084c00000, 0x0000000084d000c0, 0x0000000100000000)
  region size 1024K, 1 young (1024K), 1 survivors (1024K)
 Metaspace       used 13745K, capacity 14284K, committed 14464K, reserved 1062912K
  class space    used 1479K, capacity 1585K, committed 1664K, reserved 1048576K
}
Event: 0.866 GC heap before
{Heap before GC invocations=11 (full 9):
 garbage-first heap   total 24576K, used 12989K [0x0000000084c00000, 0x0000000084d000c0, 0x0000000100000000)
  region size 1024K, 6 young (6144K), 1 survivors (1024K)
 Metaspace       used 13915K, capacity 14508K, committed 14720K, reserved 1062912K
  class space    used 1495K, capacity 1617K, committed 1664K, reserved 1048576K
}
Event: 0.875 GC heap after
{Heap after GC invocations=12 (full 9):
 garbage-first heap   total 24576K, used 7555K [0x0000000084c00000, 0x0000000084d000c0, 0x0000000100000000)
  region size 1024K, 1 young (1024K), 1 survivors (1024K)
 Metaspace       used 13915K, capacity 14508K, committed 14720K, reserved 1062912K
  class space    used 1495K, capacity 1617K, committed 1664K, reserved 1048576K
}
Event: 0.901 GC heap before
{Heap before GC invocations=12 (full 9):
 garbage-first heap   total 24576K, used 13699K [0x0000000084c00000, 0x0000000084d000c0, 0x0000000100000000)
  region size 1024K, 7 young (7168K), 1 survivors (1024K)
 Metaspace       used 13969K, capacity 14526K, committed 14720K, reserved 1062912K
  class space    used 1501K, capacity 1626K, committed 1664K, reserved 1048576K
}
Event: 0.903 GC heap after
{Heap after GC invocations=13 (full 9):
 garbage-first heap   total 24576K, used 7509K [0x0000000084c00000, 0x0000000084d000c0, 0x0000000100000000)
  region size 1024K, 1 young (1024K), 1 survivors (1024K)
 Metaspace       used 13969K, capacity 14526K, committed 14720K, reserved 1062912K
  class space    used 1501K, capacity 1626K, committed 1664K, reserved 1048576K
}
Event: 0.920 GC heap before
{Heap before GC invocations=13 (full 9):
 garbage-first heap   total 24576K, used 14677K [0x0000000084c00000, 0x0000000084d000c0, 0x0000000100000000)
  region size 1024K, 8 young (8192K), 1 survivors (1024K)
 Metaspace       used 14025K, capacity 14590K, committed 14720K, reserved 1062912K
  class space    used 1501K, capacity 1626K, committed 1664K, reserved 1048576K
}
Event: 0.925 GC heap after
{Heap after GC invocations=14 (full 9):
 garbage-first heap   total 75776K, used 7567K [0x0000000084c00000, 0x0000000084d00250, 0x0000000100000000)
  region size 1024K, 1 young (1024K), 1 survivors (1024K)
 Metaspace       used 14025K, capacity 14590K, committed 14720K, reserved 1062912K
  class space    used 1501K, capacity 1626K, committed 1664K, reserved 1048576K
}
Event: 0.966 GC heap before
{Heap before GC invocations=14 (full 9):
 garbage-first heap   total 75776K, used 24975K [0x0000000084c00000, 0x0000000084d00250, 0x0000000100000000)
  region size 1024K, 19 young (19456K), 1 survivors (1024K)
 Metaspace       used 14117K, capacity 14654K, committed 14720K, reserved 1062912K
  class space    used 1501K, capacity 1626K, committed 1664K, reserved 1048576K
}
Event: 0.986 GC heap after
{Heap after GC invocations=15 (full 10):
 garbage-first heap   total 25600K, used 7497K [0x0000000084c00000, 0x0000000084d000c8, 0x0000000100000000)
  region size 1024K, 0 young (0K), 0 survivors (0K)
 Metaspace       used 14117K, capacity 14654K, committed 14720K, reserved 1062912K
  class space    used 1501K, capacity 1626K, committed 1664K, reserved 1048576K
}

