# JRE version: OpenJDK Runtime Environment (9.0) (build 9-internal+0-2016-04-14-195246.buildd.src)
# Java VM: OpenJDK 64-Bit Server VM (9-internal+0-2016-04-14-195246.buildd.src, mixed mode, tiered, compressed oops, g1 gc, linux-amd64)
Heap:
 garbage-first heap   total 25600K, used 21897K [0x0000000084c00000, 0x0000000084d000c8, 0x0000000100000000)
  region size 1024K, 11 young (11264K), 0 survivors (0K)
 Metaspace       used 17516K, capacity 18146K, committed 18432K, reserved 1064960K
  class space    used 1840K, capacity 1974K, committed 2048K, reserved 1048576K
GC Heap History (10 events):
Event: 0.977 GC heap before
{Heap before GC invocations=15 (full 14):
 garbage-first heap   total 24576K, used 12392K [0x0000000084c00000, 0x0000000084d000c0, 0x0000000100000000)
  region size 1024K, 5 young (5120K), 0 survivors (0K)
 Metaspace       used 13931K, capacity 14486K, committed 14720K, reserved 1062912K
  class space    used 1481K, capacity 1586K, committed 1664K, reserved 1048576K
}
Event: 0.979 GC heap after
{Heap after GC invocations=16 (full 14):
 garbage-first heap   total 24576K, used 7899K [0x0000000084c00000, 0x0000000084d000c0, 0x0000000100000000)
  region size 1024K, 1 young (1024K), 1 survivors (1024K)
 Metaspace       used 13931K, capacity 14486K, committed 14720K, reserved 1062912K
  class space    used 1481K, capacity 1586K, committed 1664K, reserved 1048576K
}
Event: 0.999 GC heap before
{Heap before GC invocations=16 (full 14):
 garbage-first heap   total 24576K, used 13019K [0x0000000084c00000, 0x0000000084d000c0, 0x0000000100000000)
  region size 1024K, 6 young (6144K), 1 survivors (1024K)
 Metaspace       used 14094K, capacity 14646K, committed 14720K, reserved 1062912K
  class space    used 1496K, capacity 1618K, committed 1664K, reserved 1048576K
}
Event: 1.004 GC heap after
{Heap after GC invocations=17 (full 14):
 garbage-first heap   total 24576K, used 7539K [0x0000000084c00000, 0x0000000084d000c0, 0x0000000100000000)
  region size 1024K, 1 young (1024K), 1 survivors (1024K)
 Metaspace       used 14094K, capacity 14646K, committed 14720K, reserved 1062912K
  class space    used 1496K, capacity 1618K, committed 1664K, reserved 1048576K
}
Event: 1.023 GC heap before
{Heap before GC invocations=17 (full 14):
 garbage-first heap   total 24576K, used 13683K [0x0000000084c00000, 0x0000000084d000c0, 0x0000000100000000)
  region size 1024K, 7 young (7168K), 1 survivors (1024K)
 Metaspace       used 14164K, capacity 14664K, committed 14720K, reserved 1062912K
  class space    used 1502K, capacity 1627K, committed 1664K, reserved 1048576K
}
Event: 1.024 GC heap after
{Heap after GC invocations=18 (full 14):
 garbage-first heap   total 24576K, used 7506K [0x0000000084c00000, 0x0000000084d000c0, 0x0000000100000000)
  region size 1024K, 1 young (1024K), 1 survivors (1024K)
 Metaspace       used 14164K, capacity 14664K, committed 14720K, reserved 1062912K
  class space    used 1502K, capacity 1627K, committed 1664K, reserved 1048576K
}
Event: 1.038 GC heap before
{Heap before GC invocations=18 (full 14):
 garbage-first heap   total 24576K, used 14674K [0x0000000084c00000, 0x0000000084d000c0, 0x0000000100000000)
  region size 1024K, 8 young (8192K), 1 survivors (1024K)
 Metaspace       used 14216K, capacity 14728K, committed 14976K, reserved 1062912K
  class space    used 1502K, capacity 1627K, committed 1664K, reserved 1048576K
}
Event: 1.040 GC heap after
{Heap after GC invocations=19 (full 14):
 garbage-first heap   total 75776K, used 7525K [0x0000000084c00000, 0x0000000084d00250, 0x0000000100000000)
  region size 1024K, 1 young (1024K), 1 survivors (1024K)
 Metaspace       used 14216K, capacity 14728K, committed 14976K, reserved 1062912K
  class space    used 1502K, capacity 1627K, committed 1664K, reserved 1048576K
}
Event: 1.106 GC heap before
{Heap before GC invocations=19 (full 14):
 garbage-first heap   total 75776K, used 44389K [0x0000000084c00000, 0x0000000084d00250, 0x0000000100000000)
  region size 1024K, 38 young (38912K), 1 survivors (1024K)
 Metaspace       used 14312K, capacity 14856K, committed 14976K, reserved 1062912K
  class space    used 1502K, capacity 1627K, committed 1664K, reserved 1048576K
}
Event: 1.132 GC heap after
{Heap after GC invocations=20 (full 15):
 garbage-first heap   total 25600K, used 7561K [0x0000000084c00000, 0x0000000084d000c8, 0x0000000100000000)
  region size 1024K, 0 young (0K), 0 survivors (0K)
 Metaspace       used 14312K, capacity 14856K, committed 14976K, reserved 1062912K
  class space    used 1502K, capacity 1627K, committed 1664K, reserved 1048576K
}

