# JRE version: OpenJDK Runtime Environment (9.0) (build 9-internal+0-2016-04-14-195246.buildd.src)
# Java VM: OpenJDK 64-Bit Server VM (9-internal+0-2016-04-14-195246.buildd.src, mixed mode, tiered, compressed oops, g1 gc, linux-amd64)
Heap:
 garbage-first heap   total 25600K, used 12958K [0x0000000084c00000, 0x0000000084d000c8, 0x0000000100000000)
  region size 1024K, 3 young (3072K), 2 survivors (2048K)
 Metaspace       used 17400K, capacity 18004K, committed 18176K, reserved 1064960K
  class space    used 1841K, capacity 1973K, committed 2048K, reserved 1048576K
GC Heap History (10 events):
Event: 0.890 GC heap before
{Heap before GC invocations=11 (full 9):
 garbage-first heap   total 24576K, used 13832K [0x0000000084c00000, 0x0000000084d000c0, 0x0000000100000000)
  region size 1024K, 7 young (7168K), 1 survivors (1024K)
 Metaspace       used 13995K, capacity 14504K, committed 14720K, reserved 1062912K
  class space    used 1496K, capacity 1617K, committed 1664K, reserved 1048576K
}
Event: 0.891 GC heap after
{Heap after GC invocations=12 (full 9):
 garbage-first heap   total 24576K, used 7490K [0x0000000084c00000, 0x0000000084d000c0, 0x0000000100000000)
  region size 1024K, 1 young (1024K), 1 survivors (1024K)
 Metaspace       used 13995K, capacity 14504K, committed 14720K, reserved 1062912K
  class space    used 1496K, capacity 1617K, committed 1664K, reserved 1048576K
}
Event: 0.913 GC heap before
{Heap before GC invocations=12 (full 9):
 garbage-first heap   total 24576K, used 14658K [0x0000000084c00000, 0x0000000084d000c0, 0x0000000100000000)
  region size 1024K, 8 young (8192K), 1 survivors (1024K)
 Metaspace       used 14078K, capacity 14586K, committed 14720K, reserved 1062912K
  class space    used 1502K, capacity 1626K, committed 1664K, reserved 1048576K
}
Event: 0.914 GC heap after
{Heap after GC invocations=13 (full 9):
 garbage-first heap   total 24576K, used 7452K [0x0000000084c00000, 0x0000000084d000c0, 0x0000000100000000)
  region size 1024K, 1 young (1024K), 1 survivors (1024K)
 Metaspace       used 14078K, capacity 14586K, committed 14720K, reserved 1062912K
  class space    used 1502K, capacity 1626K, committed 1664K, reserved 1048576K
}
Event: 0.932 GC heap before
{Heap before GC invocations=13 (full 9):
 garbage-first heap   total 24576K, used 15644K [0x0000000084c00000, 0x0000000084d000c0, 0x0000000100000000)
  region size 1024K, 9 young (9216K), 1 survivors (1024K)
 Metaspace       used 14108K, capacity 14586K, committed 14720K, reserved 1062912K
  class space    used 1502K, capacity 1626K, committed 1664K, reserved 1048576K
}
Event: 0.934 GC heap after
{Heap after GC invocations=14 (full 9):
 garbage-first heap   total 75776K, used 7419K [0x0000000084c00000, 0x0000000084d00250, 0x0000000100000000)
  region size 1024K, 1 young (1024K), 1 survivors (1024K)
 Metaspace       used 14108K, capacity 14586K, committed 14720K, reserved 1062912K
  class space    used 1502K, capacity 1626K, committed 1664K, reserved 1048576K
}
Event: 0.965 GC heap before
{Heap before GC invocations=14 (full 9):
 garbage-first heap   total 75776K, used 21755K [0x0000000084c00000, 0x0000000084d00250, 0x0000000100000000)
  region size 1024K, 16 young (16384K), 1 survivors (1024K)
 Metaspace       used 14185K, capacity 14714K, committed 14976K, reserved 1062912K
  class space    used 1502K, capacity 1626K, committed 1664K, reserved 1048576K
}
Event: 0.985 GC heap after
{Heap after GC invocations=15 (full 10):
 garbage-first heap   total 25600K, used 7425K [0x0000000084c00000, 0x0000000084d000c8, 0x0000000100000000)
  region size 1024K, 0 young (0K), 0 survivors (0K)
 Metaspace       used 14185K, capacity 14714K, committed 14976K, reserved 1062912K
  class space    used 1502K, capacity 1626K, committed 1664K, reserved 1048576K
}
Event: 1.122 GC heap before
{Heap before GC invocations=15 (full 10):
 garbage-first heap   total 25600K, used 21761K [0x0000000084c00000, 0x0000000084d000c8, 0x0000000100000000)
  region size 1024K, 10 young (10240K), 0 survivors (0K)
 Metaspace       used 17335K, capacity 17940K, committed 18176K, reserved 1064960K
  class space    used 1835K, capacity 1973K, committed 2048K, reserved 1048576K
}
Event: 1.133 GC heap after
{Heap after GC invocations=16 (full 10):
 garbage-first heap   total 25600K, used 12958K [0x0000000084c00000, 0x0000000084d000c8, 0x0000000100000000)
  region size 1024K, 2 young (2048K), 2 survivors (2048K)
 Metaspace       used 17335K, capacity 17940K, committed 18176K, reserved 1064960K
  class space    used 1835K, capacity 1973K, committed 2048K, reserved 1048576K
}

