# JRE version: OpenJDK Runtime Environment (9.0) (build 9-internal+0-2016-04-14-195246.buildd.src)
# Java VM: OpenJDK 64-Bit Server VM (9-internal+0-2016-04-14-195246.buildd.src, mixed mode, tiered, compressed oops, g1 gc, linux-amd64)
Heap:
 garbage-first heap   total 25600K, used 20463K [0x0000000084c00000, 0x0000000084d000c8, 0x0000000100000000)
  region size 1024K, 9 young (9216K), 1 survivors (1024K)
 Metaspace       used 17532K, capacity 18146K, committed 18432K, reserved 1064960K
  class space    used 1840K, capacity 1974K, committed 2048K, reserved 1048576K
GC Heap History (10 events):
Event: 0.984 GC heap before
{Heap before GC invocations=16 (full 14):
 garbage-first heap   total 24576K, used 12930K [0x0000000084c00000, 0x0000000084d000c0, 0x0000000100000000)
  region size 1024K, 6 young (6144K), 1 survivors (1024K)
 Metaspace       used 14068K, capacity 14570K, committed 14720K, reserved 1062912K
  class space    used 1496K, capacity 1618K, committed 1664K, reserved 1048576K
}
Event: 0.986 GC heap after
{Heap after GC invocations=17 (full 14):
 garbage-first heap   total 24576K, used 7499K [0x0000000084c00000, 0x0000000084d000c0, 0x0000000100000000)
  region size 1024K, 1 young (1024K), 1 survivors (1024K)
 Metaspace       used 14068K, capacity 14570K, committed 14720K, reserved 1062912K
  class space    used 1496K, capacity 1618K, committed 1664K, reserved 1048576K
}
Event: 1.005 GC heap before
{Heap before GC invocations=17 (full 14):
 garbage-first heap   total 24576K, used 13643K [0x0000000084c00000, 0x0000000084d000c0, 0x0000000100000000)
  region size 1024K, 7 young (7168K), 1 survivors (1024K)
 Metaspace       used 14140K, capacity 14652K, committed 14720K, reserved 1062912K
  class space    used 1502K, capacity 1627K, committed 1664K, reserved 1048576K
}
Event: 1.007 GC heap after
{Heap after GC invocations=18 (full 14):
 garbage-first heap   total 24576K, used 7481K [0x0000000084c00000, 0x0000000084d000c0, 0x0000000100000000)
  region size 1024K, 1 young (1024K), 1 survivors (1024K)
 Metaspace       used 14140K, capacity 14652K, committed 14720K, reserved 1062912K
  class space    used 1502K, capacity 1627K, committed 1664K, reserved 1048576K
}
Event: 1.025 GC heap before
{Heap before GC invocations=18 (full 14):
 garbage-first heap   total 24576K, used 14649K [0x0000000084c00000, 0x0000000084d000c0, 0x0000000100000000)
  region size 1024K, 8 young (8192K), 1 survivors (1024K)
 Metaspace       used 14190K, capacity 14716K, committed 14976K, reserved 1062912K
  class space    used 1502K, capacity 1627K, committed 1664K, reserved 1048576K
}
Event: 1.025 GC heap after
{Heap after GC invocations=19 (full 14):
 garbage-first heap   total 75776K, used 7496K [0x0000000084c00000, 0x0000000084d00250, 0x0000000100000000)
  region size 1024K, 1 young (1024K), 1 survivors (1024K)
 Metaspace       used 14190K, capacity 14716K, committed 14976K, reserved 1062912K
  class space    used 1502K, capacity 1627K, committed 1664K, reserved 1048576K
}
Event: 1.100 GC heap before
{Heap before GC invocations=19 (full 14):
 garbage-first heap   total 75776K, used 44360K [0x0000000084c00000, 0x0000000084d00250, 0x0000000100000000)
  region size 1024K, 38 young (38912K), 1 survivors (1024K)
 Metaspace       used 14287K, capacity 14844K, committed 14976K, reserved 1062912K
  class space    used 1502K, capacity 1627K, committed 1664K, reserved 1048576K
}
Event: 1.127 GC heap after
{Heap after GC invocations=20 (full 15):
 garbage-first heap   total 25600K, used 7558K [0x0000000084c00000, 0x0000000084d000c8, 0x0000000100000000)
  region size 1024K, 0 young (0K), 0 survivors (0K)
 Metaspace       used 14287K, capacity 14844K, committed 14976K, reserved 1062912K
  class space    used 1502K, capacity 1627K, committed 1664K, reserved 1048576K
}
Event: 1.167 GC heap before
{Heap before GC invocations=20 (full 15):
 garbage-first heap   total 25600K, used 9606K [0x0000000084c00000, 0x0000000084d000c8, 0x0000000100000000)
  region size 1024K, 3 young (3072K), 0 survivors (0K)
 Metaspace       used 15359K, capacity 15958K, committed 16128K, reserved 1062912K
  class space    used 1608K, capacity 1708K, committed 1792K, reserved 1048576K
}
Event: 1.169 GC heap after
{Heap after GC invocations=21 (full 15):
 garbage-first heap   total 25600K, used 8175K [0x0000000084c00000, 0x0000000084d000c8, 0x0000000100000000)
  region size 1024K, 1 young (1024K), 1 survivors (1024K)
 Metaspace       used 15359K, capacity 15958K, committed 16128K, reserved 1062912K
  class space    used 1608K, capacity 1708K, committed 1792K, reserved 1048576K
}

